<?xml version="1.0" encoding="UTF-8"?>
<testng-results ignored="1" total="2" passed="1" failed="0" skipped="0">
  <reporter-output>
  </reporter-output>
  <suite started-at="2024-01-31T20:36:32 IST" name="Default suite" finished-at="2024-01-31T20:36:32 IST" duration-ms="78">
    <groups>
    </groups>
    <test started-at="2024-01-31T20:36:32 IST" name="Default test" finished-at="2024-01-31T20:36:32 IST" duration-ms="78">
      <class name="mock.questions.TwoMaps">
        <test-method signature="substringRepeated()[pri:0, instance:mock.questions.TwoMaps@59474f18]" started-at="2024-01-31T20:36:32 IST" name="substringRepeated" finished-at="2024-01-31T20:36:32 IST" duration-ms="13" status="PASS">
          <reporter-output>
          </reporter-output>
        </test-method> <!-- substringRepeated -->
      </class> <!-- mock.questions.TwoMaps -->
    </test> <!-- Default test -->
  </suite> <!-- Default suite -->
</testng-results>
